<?xml version="1.0" ?>
<coverage branch-rate="0.3478" branches-covered="16" branches-valid="46" complexity="0" line-rate="0.5412" lines-covered="92" lines-valid="170" timestamp="1559712837741" version="4.5.3">
	<!-- Generated by coverage.py: https://coverage.readthedocs.io -->
	<!-- Based on https://raw.githubusercontent.com/cobertura/web/master/htdocs/xml/coverage-04.dtd -->
	<sources>
		<source>/Users/jules/ownCloud/Src/lsd/product/automaton_engine</source>
	</sources>
	<packages>
		<package branch-rate="0.3421" complexity="0" line-rate="0.5079" name="automaton_engine">
			<classes>
				<class branch-rate="0.5" complexity="0" filename="automaton_engine/__init__.py" line-rate="0.7273" name="__init__.py">
					<methods/>
					<lines>
						<line hits="1" number="4"/>
						<line hits="1" number="5"/>
						<line hits="1" number="6"/>
						<line hits="1" number="8"/>
						<line hits="1" number="10"/>
						<line branch="true" condition-coverage="50% (1/2)" hits="1" missing-branches="18" number="11"/>
						<line hits="1" number="12"/>
						<line hits="0" number="18"/>
						<line hits="1" number="23"/>
						<line hits="0" number="24"/>
						<line hits="0" number="25"/>
					</lines>
				</class>
				<class branch-rate="0" complexity="0" filename="automaton_engine/__main__.py" line-rate="0" name="__main__.py">
					<methods/>
					<lines>
						<line hits="0" number="4"/>
						<line branch="true" condition-coverage="0% (0/2)" hits="0" missing-branches="exit,7" number="6"/>
						<line hits="0" number="7"/>
					</lines>
				</class>
				<class branch-rate="0.4615" complexity="0" filename="automaton_engine/engine.py" line-rate="0.6914" name="engine.py">
					<methods/>
					<lines>
						<line hits="1" number="4"/>
						<line hits="1" number="5"/>
						<line hits="1" number="6"/>
						<line hits="1" number="7"/>
						<line hits="1" number="9"/>
						<line hits="1" number="10"/>
						<line hits="1" number="11"/>
						<line hits="1" number="13"/>
						<line hits="1" number="14"/>
						<line hits="1" number="16"/>
						<line hits="1" number="23"/>
						<line branch="true" condition-coverage="100% (2/2)" hits="1" number="29"/>
						<line hits="1" number="34"/>
						<line hits="1" number="35"/>
						<line hits="1" number="36"/>
						<line hits="1" number="37"/>
						<line hits="1" number="38"/>
						<line hits="1" number="39"/>
						<line hits="1" number="40"/>
						<line hits="1" number="42"/>
						<line hits="1" number="53"/>
						<line hits="1" number="54"/>
						<line hits="1" number="55"/>
						<line hits="1" number="56"/>
						<line hits="0" number="61"/>
						<line hits="0" number="62"/>
						<line hits="0" number="63"/>
						<line branch="true" condition-coverage="50% (1/2)" hits="1" missing-branches="65" number="64"/>
						<line hits="0" number="65"/>
						<line hits="0" number="66"/>
						<line hits="1" number="67"/>
						<line hits="1" number="68"/>
						<line hits="1" number="69"/>
						<line hits="1" number="71"/>
						<line hits="1" number="81"/>
						<line hits="1" number="82"/>
						<line branch="true" condition-coverage="100% (2/2)" hits="1" number="83"/>
						<line branch="true" condition-coverage="100% (2/2)" hits="1" number="86"/>
						<line hits="1" number="90"/>
						<line hits="1" number="91"/>
						<line hits="1" number="92"/>
						<line hits="1" number="93"/>
						<line hits="1" number="94"/>
						<line hits="1" number="96"/>
						<line hits="1" number="115"/>
						<line branch="true" condition-coverage="50% (1/2)" hits="1" missing-branches="exit" number="116"/>
						<line branch="true" condition-coverage="50% (1/2)" hits="1" missing-branches="116" number="117"/>
						<line branch="true" condition-coverage="50% (1/2)" hits="1" missing-branches="136" number="118"/>
						<line branch="true" condition-coverage="50% (1/2)" hits="1" missing-branches="146" number="119"/>
						<line hits="1" number="120"/>
						<line hits="1" number="125"/>
						<line hits="0" number="128"/>
						<line hits="0" number="129"/>
						<line hits="0" number="130"/>
						<line hits="0" number="136"/>
						<line hits="0" number="141"/>
						<line hits="0" number="144"/>
						<line hits="0" number="145"/>
						<line branch="true" condition-coverage="0% (0/2)" hits="0" missing-branches="116,147" number="146"/>
						<line branch="true" condition-coverage="0% (0/2)" hits="0" missing-branches="152,162" number="147"/>
						<line hits="0" number="152"/>
						<line hits="0" number="160"/>
						<line hits="0" number="162"/>
						<line hits="1" number="170"/>
						<line hits="1" number="171"/>
						<line hits="1" number="172"/>
						<line hits="1" number="174"/>
						<line hits="1" number="191"/>
						<line branch="true" condition-coverage="50% (1/2)" hits="1" missing-branches="exit" number="192"/>
						<line hits="1" number="193"/>
						<line branch="true" condition-coverage="0% (0/2)" hits="0" missing-branches="205,213" number="194"/>
						<line hits="0" number="205"/>
						<line hits="0" number="206"/>
						<line hits="0" number="211"/>
						<line hits="0" number="213"/>
						<line branch="true" condition-coverage="0% (0/2)" hits="0" missing-branches="219,221" number="218"/>
						<line hits="0" number="219"/>
						<line hits="0" number="221"/>
						<line hits="1" number="222"/>
						<line hits="1" number="223"/>
						<line hits="1" number="224"/>
					</lines>
				</class>
				<class branch-rate="0" complexity="0" filename="automaton_engine/runner.py" line-rate="0" name="runner.py">
					<methods/>
					<lines>
						<line hits="0" number="4"/>
						<line hits="0" number="5"/>
						<line hits="0" number="6"/>
						<line hits="0" number="7"/>
						<line hits="0" number="8"/>
						<line hits="0" number="11"/>
						<line hits="0" number="13"/>
						<line hits="0" number="16"/>
						<line hits="0" number="17"/>
						<line hits="0" number="18"/>
						<line hits="0" number="19"/>
						<line branch="true" condition-coverage="0% (0/2)" hits="0" missing-branches="23,48" number="22"/>
						<line hits="0" number="23"/>
						<line hits="0" number="48"/>
						<line branch="true" condition-coverage="0% (0/2)" hits="0" missing-branches="exit,58" number="52"/>
						<line hits="0" number="58"/>
						<line hits="0" number="59"/>
						<line branch="true" condition-coverage="0% (0/2)" hits="0" missing-branches="61,65" number="60"/>
						<line hits="0" number="61"/>
						<line hits="0" number="62"/>
						<line hits="0" number="63"/>
						<line hits="0" number="64"/>
						<line hits="0" number="65"/>
						<line hits="0" number="66"/>
						<line hits="0" number="67"/>
						<line branch="true" condition-coverage="0% (0/2)" hits="0" missing-branches="exit,71" number="70"/>
						<line hits="0" number="71"/>
						<line hits="0" number="72"/>
						<line hits="0" number="73"/>
						<line hits="0" number="74"/>
						<line hits="0" number="75"/>
					</lines>
				</class>
			</classes>
		</package>
		<package branch-rate="0.375" complexity="0" line-rate="0.6364" name="automaton_engine.actions">
			<classes>
				<class branch-rate="1" complexity="0" filename="automaton_engine/actions/__init__.py" line-rate="1" name="__init__.py">
					<methods/>
					<lines/>
				</class>
				<class branch-rate="0" complexity="0" filename="automaton_engine/actions/awx.py" line-rate="0.3636" name="awx.py">
					<methods/>
					<lines>
						<line hits="1" number="4"/>
						<line hits="1" number="5"/>
						<line hits="1" number="6"/>
						<line hits="1" number="8"/>
						<line hits="1" number="9"/>
						<line hits="1" number="10"/>
						<line hits="1" number="12"/>
						<line hits="1" number="15"/>
						<line hits="0" number="27"/>
						<line branch="true" condition-coverage="0% (0/2)" hits="0" missing-branches="exit,29" number="28"/>
						<line hits="0" number="29"/>
						<line hits="0" number="30"/>
						<line hits="0" number="42"/>
						<line hits="0" number="43"/>
						<line hits="0" number="49"/>
						<line hits="0" number="50"/>
						<line branch="true" condition-coverage="0% (0/2)" hits="0" missing-branches="52,54" number="51"/>
						<line hits="0" number="52"/>
						<line hits="0" number="53"/>
						<line hits="0" number="54"/>
						<line hits="0" number="55"/>
						<line hits="0" number="56"/>
					</lines>
				</class>
				<class branch-rate="0.75" complexity="0" filename="automaton_engine/actions/notify.py" line-rate="0.9091" name="notify.py">
					<methods/>
					<lines>
						<line hits="1" number="4"/>
						<line hits="1" number="5"/>
						<line hits="1" number="6"/>
						<line hits="1" number="8"/>
						<line hits="1" number="9"/>
						<line hits="1" number="11"/>
						<line hits="1" number="14"/>
						<line hits="1" number="26"/>
						<line branch="true" condition-coverage="50% (1/2)" hits="1" missing-branches="exit" number="27"/>
						<line hits="1" number="28"/>
						<line hits="1" number="32"/>
						<line hits="1" number="37"/>
						<line hits="1" number="38"/>
						<line hits="1" number="39"/>
						<line hits="0" number="44"/>
						<line hits="0" number="45"/>
						<line branch="true" condition-coverage="100% (2/2)" hits="1" number="46"/>
						<line hits="1" number="47"/>
						<line hits="1" number="48"/>
						<line hits="1" number="49"/>
						<line hits="1" number="50"/>
						<line hits="1" number="51"/>
					</lines>
				</class>
			</classes>
		</package>
	</packages>
</coverage>
